Library/Bee/Android/Prj/IL2CPP/Gradle/unityLibrary/build/intermediates/manifest_merge_blame_file/release/manifest-merger-blame-release-report.txt
1<?xml version="1.0" encoding="utf-8"?>
2<manifest xmlns:android="http://schemas.android.com/apk/res/android"
3    xmlns:tools="http://schemas.android.com/tools"
4    package="com.unity3d.player" >
5
6    <uses-sdk
7        android:minSdkVersion="25"
7-->src\main\AndroidManifest.xml
8        android:targetSdkVersion="32" />
8-->src\main\AndroidManifest.xml
9
10    <uses-permission android:name="android.permission.INTERNET" />
10-->src\main\AndroidManifest.xml:3:3-65
10-->src\main\AndroidManifest.xml:3:20-62
11
12    <uses-feature android:glEsVersion="0x00030000" />
12-->src\main\AndroidManifest.xml:4:3-52
12-->src\main\AndroidManifest.xml:4:17-49
13    <uses-feature
13-->src\main\AndroidManifest.xml:5:3-88
14        android:name="android.hardware.touchscreen"
14-->src\main\AndroidManifest.xml:5:17-60
15        android:required="false" />
15-->src\main\AndroidManifest.xml:5:61-85
16    <uses-feature
16-->src\main\AndroidManifest.xml:6:3-99
17        android:name="android.hardware.touchscreen.multitouch"
17-->src\main\AndroidManifest.xml:6:17-71
18        android:required="false" />
18-->src\main\AndroidManifest.xml:6:72-96
19    <uses-feature
19-->src\main\AndroidManifest.xml:7:3-108
20        android:name="android.hardware.touchscreen.multitouch.distinct"
20-->src\main\AndroidManifest.xml:7:17-80
21        android:required="false" />
21-->src\main\AndroidManifest.xml:7:81-105
22
23    <uses-permission android:name="android.permission.CAMERA" />
23-->src\main\AndroidManifest.xml:27:3-63
23-->src\main\AndroidManifest.xml:27:20-60
24
25    <uses-feature
25-->src\main\AndroidManifest.xml:28:3-85
26        android:name="android.hardware.camera.ar"
26-->src\main\AndroidManifest.xml:28:17-58
27        android:required="true" />
27-->src\main\AndroidManifest.xml:28:59-82
28    <uses-feature
28-->src\main\AndroidManifest.xml:29:3-83
29        android:name="com.google.ar.core.depth"
29-->src\main\AndroidManifest.xml:29:17-56
30        android:required="true" />
30-->src\main\AndroidManifest.xml:29:57-80
31
32    <application android:extractNativeLibs="true" >
32-->src\main\AndroidManifest.xml:8:3-26:17
32-->src\main\AndroidManifest.xml:8:16-48
33        <meta-data
33-->src\main\AndroidManifest.xml:9:5-69
34            android:name="unity.splash-mode"
34-->src\main\AndroidManifest.xml:9:16-48
35            android:value="0" />
35-->src\main\AndroidManifest.xml:9:49-66
36        <meta-data
36-->src\main\AndroidManifest.xml:10:5-74
37            android:name="unity.splash-enable"
37-->src\main\AndroidManifest.xml:10:16-50
38            android:value="True" />
38-->src\main\AndroidManifest.xml:10:51-71
39        <meta-data
39-->src\main\AndroidManifest.xml:11:5-78
40            android:name="unity.launch-fullscreen"
40-->src\main\AndroidManifest.xml:11:16-54
41            android:value="True" />
41-->src\main\AndroidManifest.xml:11:55-75
42        <meta-data
42-->src\main\AndroidManifest.xml:12:5-84
43            android:name="unity.allow-resizable-window"
43-->src\main\AndroidManifest.xml:12:16-59
44            android:value="False" />
44-->src\main\AndroidManifest.xml:12:60-81
45        <meta-data
45-->src\main\AndroidManifest.xml:13:5-81
46            android:name="notch.config"
46-->src\main\AndroidManifest.xml:13:16-43
47            android:value="portrait|landscape" />
47-->src\main\AndroidManifest.xml:13:44-78
48        <meta-data
48-->src\main\AndroidManifest.xml:14:5-84
49            android:name="unity.auto-report-fully-drawn"
49-->src\main\AndroidManifest.xml:14:16-60
50            android:value="true" />
50-->src\main\AndroidManifest.xml:14:61-81
51
52        <activity
52-->src\main\AndroidManifest.xml:15:5-23:16
53            android:name="com.unity3d.player.UnityPlayerActivity"
53-->src\main\AndroidManifest.xml:15:15-68
54            android:configChanges="mcc|mnc|locale|touchscreen|keyboard|keyboardHidden|navigation|orientation|screenLayout|uiMode|screenSize|smallestScreenSize|fontScale|layoutDirection|density"
54-->src\main\AndroidManifest.xml:15:180-361
55            android:exported="true"
55-->src\main\AndroidManifest.xml:15:433-456
56            android:hardwareAccelerated="false"
56-->src\main\AndroidManifest.xml:15:397-432
57            android:launchMode="singleTask"
57-->src\main\AndroidManifest.xml:15:148-179
58            android:resizeableActivity="false"
58-->src\main\AndroidManifest.xml:15:362-396
59            android:screenOrientation="fullUser"
59-->src\main\AndroidManifest.xml:15:111-147
60            android:theme="@style/UnityThemeSelector" >
60-->src\main\AndroidManifest.xml:15:69-110
61            <intent-filter>
61-->src\main\AndroidManifest.xml:16:7-20:23
62                <category android:name="android.intent.category.LAUNCHER" />
62-->src\main\AndroidManifest.xml:17:9-69
62-->src\main\AndroidManifest.xml:17:19-66
63
64                <action android:name="android.intent.action.MAIN" />
64-->src\main\AndroidManifest.xml:18:9-61
64-->src\main\AndroidManifest.xml:18:17-58
65
66                <category android:name="com.oculus.intent.category.VR" />
66-->src\main\AndroidManifest.xml:19:9-66
66-->src\main\AndroidManifest.xml:19:19-63
67            </intent-filter>
68
69            <meta-data
69-->src\main\AndroidManifest.xml:21:7-82
70                android:name="unityplayer.UnityActivity"
70-->src\main\AndroidManifest.xml:21:18-58
71                android:value="true" />
71-->src\main\AndroidManifest.xml:21:59-79
72            <meta-data
72-->src\main\AndroidManifest.xml:22:7-70
73                android:name="notch_support"
73-->src\main\AndroidManifest.xml:22:18-46
74                android:value="true" />
74-->src\main\AndroidManifest.xml:22:47-67
75        </activity>
76
77        <meta-data
77-->src\main\AndroidManifest.xml:24:5-88
78            android:name="unityplayer.SkipPermissionsDialog"
78-->src\main\AndroidManifest.xml:24:16-64
79            android:value="true" />
79-->src\main\AndroidManifest.xml:24:65-85
80        <meta-data
80-->src\main\AndroidManifest.xml:25:5-77
81            android:name="com.google.ar.core"
81-->src\main\AndroidManifest.xml:25:16-49
82            android:value="required" />
82-->src\main\AndroidManifest.xml:25:50-74
83    </application>
84
85</manifest>